xmelab(64): 24.03-s005: (c) Copyright 1995-2024 Cadence Design Systems, Inc.
TOOL:	xmelab(64)	24.03-s005: Started on Jul 01, 2026 at 10:58:58 KST
xmelab
    -MESS
    -access rwc
    tb_data_bus_driver

	Elaborating the design hierarchy:
		Caching library 'work_lib' ....... Done
	Building instance overlay tables: .................... Done
	Generating native compiled code:
		work_lib.data_bus_driver:module <0x4985f073>
			streams:   1, words:   549
		work_lib.tb_data_bus_driver:module <0x4b79702f>
			streams:  19, words: 11139
	Building instance specific data structures.
	Loading native compiled code:     .................... Done
	Design hierarchy summary:
		                 Instances  Unique
		Modules:                 2       2
		Registers:               4       4
		Scalar wires:            2       -
		Vectored wires:          3       -
		Initial blocks:          2       2
		Cont. assignments:       1       1
		Pseudo assignments:      4       -
		Simulation timescale:  1ps
	Writing initial simulation snapshot: work_lib.tb_data_bus_driver:module
TOOL:	xmelab(64)	24.03-s005: Exiting on Jul 01, 2026 at 10:58:58 KST  (total: 00:00:00)
