xmelab(64): 24.03-s005: (c) Copyright 1995-2024 Cadence Design Systems, Inc.
TOOL:	xmelab(64)	24.03-s005: Started on Jun 30, 2026 at 17:06:16 KST
xmelab
    -MESS
    -access rwc
    tb_interrupt_controller

	Elaborating the design hierarchy:
		Caching library 'work_lib' ....... Done
	Building instance overlay tables: .................... Done
	Generating native compiled code:
		work_lib.interrupt_controller:module <0x1d14c64a>
			streams:   1, words:  4775
		work_lib.tb_interrupt_controller:module <0x01e16fab>
			streams:   5, words:  9234
	Building instance specific data structures.
	Loading native compiled code:     .................... Done
	Design hierarchy summary:
		                 Instances  Unique
		Modules:                 2       2
		Registers:               5       5
		Scalar wires:            2       -
		Vectored wires:          2       -
		Always blocks:           1       1
		Initial blocks:          2       2
		Pseudo assignments:      2       -
		Simulation timescale:  1ps
	Writing initial simulation snapshot: work_lib.tb_interrupt_controller:module
TOOL:	xmelab(64)	24.03-s005: Exiting on Jun 30, 2026 at 17:06:16 KST  (total: 00:00:00)
