xmelab(64): 24.03-s005: (c) Copyright 1995-2024 Cadence Design Systems, Inc.
TOOL:	xmelab(64)	24.03-s005: Started on Jul 01, 2026 at 10:14:28 KST
xmelab
    -MESS
    -access rwc
    tb_bcd_to_7seg

	Elaborating the design hierarchy:
		Caching library 'work_lib' ....... Done
	Building instance overlay tables: .................... Done
	Generating native compiled code:
		work_lib.bcd_to_7seg:module <0x58f141ab>
			streams:   1, words:  2526
		work_lib.tb_bcd_to_7seg:module <0x3fc59f5f>
			streams:   4, words:  8089
	Building instance specific data structures.
	Loading native compiled code:     .................... Done
	Design hierarchy summary:
		                 Instances  Unique
		Modules:                 2       2
		Registers:               2       2
		Vectored wires:          2       -
		Always blocks:           1       1
		Initial blocks:          2       2
		Pseudo assignments:      1       -
		Simulation timescale:  1ps
	Writing initial simulation snapshot: work_lib.tb_bcd_to_7seg:module
TOOL:	xmelab(64)	24.03-s005: Exiting on Jul 01, 2026 at 10:14:28 KST  (total: 00:00:00)
