xmelab(64): 24.03-s005: (c) Copyright 1995-2024 Cadence Design Systems, Inc.
TOOL:	xmelab(64)	24.03-s005: Started on Jul 01, 2026 at 10:41:00 KST
xmelab
    -MESS
    -access rwc
    tb_comparator

	Elaborating the design hierarchy:
		Caching library 'work_lib' ....... Done
	Building instance overlay tables: .................... Done
	Generating native compiled code:
		work_lib.comparator:module <0x7dba360b>
			streams:   3, words:   603
		work_lib.tb_comparator:module <0x0008710e>
			streams:   4, words:  9861
	Building instance specific data structures.
	Loading native compiled code:     .................... Done
	Design hierarchy summary:
		                 Instances  Unique
		Modules:                 2       2
		Registers:               2       2
		Scalar wires:            3       -
		Vectored wires:          2       -
		Initial blocks:          1       1
		Cont. assignments:       3       3
		Pseudo assignments:      2       -
		Simulation timescale:  1ps
	Writing initial simulation snapshot: work_lib.tb_comparator:module
TOOL:	xmelab(64)	24.03-s005: Exiting on Jul 01, 2026 at 10:41:00 KST  (total: 00:00:00)
