xmsim(64): 24.03-s005: (c) Copyright 1995-2024 Cadence Design Systems, Inc.
TOOL:	xmsim(64)	24.03-s005: Started on Jul 01, 2026 at 10:41:00 KST
xmsim
    -MESS
    tb_comparator
    -gui

xmsim: *W,NOMTDGUI: Multi-Threaded Dumping is disabled for interactive debug mode.

-------------------------------------
Relinquished control to SimVision...
xcelium> 
xcelium> database -open waves -into waves.shm -default
Created default SHM database waves
xcelium> probe -create -shm tb_comparator.i_a tb_comparator.i_b tb_comparator.o_equal tb_comparator.o_greater tb_comparator.o_less
Created probe 1
xcelium> run
0	 0000	 0000	 0	 1	 0
10000	 0101	 0011	 1	 0	 0
20000	 0010	 1000	 0	 0	 1
30000	 1111	 1111	 0	 1	 0
40000	 1010	 0101	 1	 0	 0
50000	 0111	 1001	 0	 0	 1
60000	 1100	 1100	 0	 1	 0
70000	 0000	 1111	 0	 0	 1
Simulation complete via $finish(1) at time 90 NS + 0
./tb_comparator.v:37   #10 $finish;
xcelium> ^C
xcelium> exit
TOOL:	xmsim(64)	24.03-s005: Exiting on Jul 01, 2026 at 10:41:45 KST  (total: 00:00:45)
